override CLASS_NAMES=['background', 'craquelure'] (NUM_CLASSES=2)
split=/home/zzz90/research/crack_detection_sam2/data/labeled32_craq_v3/tiles_512/nofold_all_train.json fold=0 train=228 val=0
val_groups=[]
class pixel counts (train): [57514678, 2254154]
class weights (median_freq): [0.5196, 13.2575]
model variant=small total=34.9M trainable=0.91M
  ep1/50 it50/57 lr=1.29e-04 loss=0.7310 ce=0.5637 dice=0.8983 18.5s
  ep1/50 it57/57 lr=1.47e-04 loss=0.7168 ce=0.5420 dice=0.8916 18.9s
  ep2/50 it50/57 lr=2.79e-04 loss=0.6027 ce=0.3680 dice=0.8375 6.2s
  ep2/50 it57/57 lr=2.97e-04 loss=0.5935 ce=0.3560 dice=0.8309 7.2s
  ep3/50 it50/57 lr=3.00e-04 loss=0.5341 ce=0.3098 dice=0.7585 5.4s
  ep3/50 it57/57 lr=3.00e-04 loss=0.5339 ce=0.3072 dice=0.7605 5.8s
  ep4/50 it50/57 lr=2.99e-04 loss=0.5062 ce=0.2987 dice=0.7137 5.7s
  ep4/50 it57/57 lr=2.99e-04 loss=0.5060 ce=0.2942 dice=0.7179 5.4s
  ep5/50 it50/57 lr=2.97e-04 loss=0.4874 ce=0.2963 dice=0.6785 5.8s
  ep5/50 it57/57 lr=2.97e-04 loss=0.4859 ce=0.2907 dice=0.6812 6.2s
  ep6/50 it50/57 lr=2.95e-04 loss=0.4763 ce=0.3040 dice=0.6486 7.8s
  ep6/50 it57/57 lr=2.95e-04 loss=0.4766 ce=0.2946 dice=0.6586 8.6s
  ep7/50 it50/57 lr=2.92e-04 loss=0.4669 ce=0.2972 dice=0.6366 5.2s
  ep7/50 it57/57 lr=2.92e-04 loss=0.4601 ce=0.2912 dice=0.6289 6.1s
  ep8/50 it50/57 lr=2.89e-04 loss=0.4537 ce=0.3000 dice=0.6074 5.3s
  ep8/50 it57/57 lr=2.89e-04 loss=0.4456 ce=0.2936 dice=0.5975 5.7s
  ep9/50 it50/57 lr=2.85e-04 loss=0.4668 ce=0.3173 dice=0.6163 5.5s
  ep9/50 it57/57 lr=2.85e-04 loss=0.4550 ce=0.3014 dice=0.6086 6.1s
  ep10/50 it50/57 lr=2.81e-04 loss=0.4418 ce=0.3023 dice=0.5812 5.9s
  ep10/50 it57/57 lr=2.80e-04 loss=0.4359 ce=0.2956 dice=0.5762 6.8s
  ep11/50 it50/57 lr=2.75e-04 loss=0.4590 ce=0.3182 dice=0.5998 4.8s
  ep11/50 it57/57 lr=2.75e-04 loss=0.4507 ce=0.3087 dice=0.5927 5.7s
  ep12/50 it50/57 lr=2.70e-04 loss=0.4472 ce=0.3133 dice=0.5811 6.3s
  ep12/50 it57/57 lr=2.69e-04 loss=0.4395 ce=0.3032 dice=0.5757 6.9s
  ep13/50 it50/57 lr=2.64e-04 loss=0.4463 ce=0.3003 dice=0.5922 6.2s
  ep13/50 it57/57 lr=2.63e-04 loss=0.4403 ce=0.2954 dice=0.5851 7.0s
  ep14/50 it50/57 lr=2.57e-04 loss=0.4216 ce=0.2945 dice=0.5487 3.5s
  ep14/50 it57/57 lr=2.56e-04 loss=0.4158 ce=0.2852 dice=0.5463 4.4s
  ep15/50 it50/57 lr=2.50e-04 loss=0.4378 ce=0.3111 dice=0.5645 5.5s
  ep15/50 it57/57 lr=2.49e-04 loss=0.4336 ce=0.3024 dice=0.5647 5.9s
  ep16/50 it50/57 lr=2.42e-04 loss=0.4343 ce=0.3061 dice=0.5625 6.5s
  ep16/50 it57/57 lr=2.41e-04 loss=0.4308 ce=0.2976 dice=0.5639 7.1s
  ep17/50 it50/57 lr=2.34e-04 loss=0.4519 ce=0.3180 dice=0.5857 5.8s
  ep17/50 it57/57 lr=2.33e-04 loss=0.4421 ce=0.3079 dice=0.5762 6.7s
  ep18/50 it50/57 lr=2.26e-04 loss=0.4281 ce=0.2950 dice=0.5612 4.3s
  ep18/50 it57/57 lr=2.25e-04 loss=0.4249 ce=0.2899 dice=0.5599 4.7s
  ep19/50 it50/57 lr=2.18e-04 loss=0.4255 ce=0.2959 dice=0.5552 2.2s
  ep19/50 it57/57 lr=2.16e-04 loss=0.4178 ce=0.2909 dice=0.5447 2.6s
  ep20/50 it50/57 lr=2.09e-04 loss=0.4402 ce=0.3058 dice=0.5746 3.4s
  ep20/50 it57/57 lr=2.08e-04 loss=0.4284 ce=0.3015 dice=0.5553 3.9s
  ep21/50 it50/57 lr=2.00e-04 loss=0.4315 ce=0.3061 dice=0.5569 3.4s
  ep21/50 it57/57 lr=1.98e-04 loss=0.4279 ce=0.3009 dice=0.5549 3.8s
  ep22/50 it50/57 lr=1.90e-04 loss=0.4279 ce=0.2968 dice=0.5589 3.4s
  ep22/50 it57/57 lr=1.89e-04 loss=0.4217 ce=0.2939 dice=0.5495 3.9s
  ep23/50 it50/57 lr=1.81e-04 loss=0.4253 ce=0.2948 dice=0.5558 4.2s
  ep23/50 it57/57 lr=1.79e-04 loss=0.4175 ce=0.2898 dice=0.5451 4.6s
  ep24/50 it50/57 lr=1.71e-04 loss=0.4257 ce=0.2997 dice=0.5517 3.2s
  ep24/50 it57/57 lr=1.70e-04 loss=0.4184 ce=0.2943 dice=0.5425 3.6s
  ep25/50 it50/57 lr=1.61e-04 loss=0.4157 ce=0.3014 dice=0.5300 3.2s
  ep25/50 it57/57 lr=1.60e-04 loss=0.4140 ce=0.2917 dice=0.5363 3.6s
  ep26/50 it50/57 lr=1.51e-04 loss=0.4255 ce=0.3001 dice=0.5510 3.2s
  ep26/50 it57/57 lr=1.50e-04 loss=0.4178 ce=0.2933 dice=0.5423 3.6s
  ep27/50 it50/57 lr=1.42e-04 loss=0.4181 ce=0.3000 dice=0.5362 2.0s
  ep27/50 it57/57 lr=1.40e-04 loss=0.4096 ce=0.2927 dice=0.5266 2.4s
  ep28/50 it50/57 lr=1.32e-04 loss=0.4189 ce=0.2974 dice=0.5404 3.1s
  ep28/50 it57/57 lr=1.31e-04 loss=0.4143 ce=0.2848 dice=0.5438 3.5s
  ep29/50 it50/57 lr=1.22e-04 loss=0.4185 ce=0.2985 dice=0.5384 3.2s
  ep29/50 it57/57 lr=1.21e-04 loss=0.4126 ce=0.2897 dice=0.5354 3.6s
  ep30/50 it50/57 lr=1.13e-04 loss=0.4092 ce=0.2872 dice=0.5313 3.2s
  ep30/50 it57/57 lr=1.11e-04 loss=0.4021 ce=0.2803 dice=0.5240 3.6s
  ep31/50 it50/57 lr=1.03e-04 loss=0.4231 ce=0.2982 dice=0.5479 3.1s
  ep31/50 it57/57 lr=1.02e-04 loss=0.4143 ce=0.2920 dice=0.5366 3.5s
  ep32/50 it50/57 lr=9.39e-05 loss=0.4288 ce=0.2989 dice=0.5587 3.2s
  ep32/50 it57/57 lr=9.28e-05 loss=0.4189 ce=0.2894 dice=0.5483 3.6s
  ep33/50 it50/57 lr=8.49e-05 loss=0.4193 ce=0.2996 dice=0.5390 3.1s
  ep33/50 it57/57 lr=8.38e-05 loss=0.4114 ce=0.2908 dice=0.5320 3.5s
  ep34/50 it50/57 lr=7.62e-05 loss=0.4140 ce=0.2840 dice=0.5440 3.2s
  ep34/50 it57/57 lr=7.51e-05 loss=0.4111 ce=0.2839 dice=0.5384 3.6s
  ep35/50 it50/57 lr=6.78e-05 loss=0.4145 ce=0.2974 dice=0.5316 2.0s
  ep35/50 it57/57 lr=6.68e-05 loss=0.4110 ce=0.2911 dice=0.5309 2.4s
  ep36/50 it50/57 lr=5.98e-05 loss=0.4099 ce=0.2901 dice=0.5298 3.2s
  ep36/50 it57/57 lr=5.88e-05 loss=0.4080 ce=0.2855 dice=0.5305 3.6s
  ep37/50 it50/57 lr=5.21e-05 loss=0.4210 ce=0.3017 dice=0.5402 3.2s
  ep37/50 it57/57 lr=5.12e-05 loss=0.4150 ce=0.2910 dice=0.5390 3.6s
  ep38/50 it50/57 lr=4.49e-05 loss=0.4219 ce=0.2999 dice=0.5440 3.1s
  ep38/50 it57/57 lr=4.41e-05 loss=0.4125 ce=0.2884 dice=0.5366 3.5s
  ep39/50 it50/57 lr=3.81e-05 loss=0.4115 ce=0.2853 dice=0.5378 3.1s
  ep39/50 it57/57 lr=3.73e-05 loss=0.4083 ce=0.2767 dice=0.5398 3.5s
  ep40/50 it50/57 lr=3.18e-05 loss=0.4064 ce=0.2887 dice=0.5240 3.1s
  ep40/50 it57/57 lr=3.11e-05 loss=0.4001 ce=0.2816 dice=0.5186 3.5s
  ep41/50 it50/57 lr=2.61e-05 loss=0.4170 ce=0.2966 dice=0.5374 3.1s
  ep41/50 it57/57 lr=2.54e-05 loss=0.4111 ce=0.2904 dice=0.5319 3.5s
  ep42/50 it50/57 lr=2.08e-05 loss=0.4140 ce=0.2926 dice=0.5353 3.1s
  ep42/50 it57/57 lr=2.02e-05 loss=0.4073 ce=0.2830 dice=0.5317 3.5s
  ep43/50 it50/57 lr=1.61e-05 loss=0.4096 ce=0.2994 dice=0.5197 3.1s
  ep43/50 it57/57 lr=1.55e-05 loss=0.4115 ce=0.2941 dice=0.5289 3.5s
  ep44/50 it50/57 lr=1.20e-05 loss=0.4132 ce=0.2926 dice=0.5339 1.8s
  ep44/50 it57/57 lr=1.15e-05 loss=0.4026 ce=0.2827 dice=0.5225 2.2s
  ep45/50 it50/57 lr=8.41e-06 loss=0.4175 ce=0.2906 dice=0.5445 3.1s
  ep45/50 it57/57 lr=8.02e-06 loss=0.4078 ce=0.2792 dice=0.5364 3.5s
  ep46/50 it50/57 lr=5.47e-06 loss=0.4109 ce=0.2810 dice=0.5408 3.1s
  ep46/50 it57/57 lr=5.16e-06 loss=0.4046 ce=0.2780 dice=0.5312 3.5s
  ep47/50 it50/57 lr=3.16e-06 loss=0.4069 ce=0.2828 dice=0.5309 3.2s
  ep47/50 it57/57 lr=2.92e-06 loss=0.4025 ce=0.2825 dice=0.5224 3.6s
  ep48/50 it50/57 lr=1.47e-06 loss=0.4024 ce=0.2771 dice=0.5278 3.1s
  ep48/50 it57/57 lr=1.31e-06 loss=0.3951 ce=0.2657 dice=0.5245 3.6s
  ep49/50 it50/57 lr=4.18e-07 loss=0.4145 ce=0.2879 dice=0.5412 3.1s
  ep49/50 it57/57 lr=3.33e-07 loss=0.4064 ce=0.2790 dice=0.5338 3.6s
  ep50/50 it50/57 lr=6.33e-09 loss=0.4077 ce=0.2925 dice=0.5229 3.1s
  ep50/50 it57/57 lr=9.89e-11 loss=0.4026 ce=0.2822 dice=0.5231 3.5s
訓練結束 best_miou=-1.0000
